<?xml version="1.0" encoding="UTF-8"?>
<testsuite xmlns:xsi="http://www.w3.org/2001/XMLSchema-instance" xsi:noNamespaceSchemaLocation="https://maven.apache.org/surefire/maven-surefire-plugin/xsd/surefire-test-report-3.0.xsd" version="3.0" name="com.stockify.stockservicev2.service.StockServiceTest" time="0.204" tests="1" errors="0" skipped="0" failures="0">
  <properties>
    <property name="java.specification.version" value="13"/>
    <property name="sun.jnu.encoding" value="UTF-8"/>
    <property name="java.class.path" value="/Users/James/projects/fdm0506/stock-service-v2/target/test-classes:/Users/James/projects/fdm0506/stock-service-v2/target/classes:/Users/James/.m2/repository/org/springframework/boot/spring-boot-starter-data-mongodb-reactive/2.2.4.RELEASE/spring-boot-starter-data-mongodb-reactive-2.2.4.RELEASE.jar:/Users/James/.m2/repository/org/springframework/boot/spring-boot-starter/2.2.4.RELEASE/spring-boot-starter-2.2.4.RELEASE.jar:/Users/James/.m2/repository/org/springframework/boot/spring-boot-starter-logging/2.2.4.RELEASE/spring-boot-starter-logging-2.2.4.RELEASE.jar:/Users/James/.m2/repository/ch/qos/logback/logback-classic/1.2.3/logback-classic-1.2.3.jar:/Users/James/.m2/repository/ch/qos/logback/logback-core/1.2.3/logback-core-1.2.3.jar:/Users/James/.m2/repository/org/apache/logging/log4j/log4j-to-slf4j/2.12.1/log4j-to-slf4j-2.12.1.jar:/Users/James/.m2/repository/org/apache/logging/log4j/log4j-api/2.12.1/log4j-api-2.12.1.jar:/Users/James/.m2/repository/org/slf4j/jul-to-slf4j/1.7.30/jul-to-slf4j-1.7.30.jar:/Users/James/.m2/repository/jakarta/annotation/jakarta.annotation-api/1.3.5/jakarta.annotation-api-1.3.5.jar:/Users/James/.m2/repository/org/yaml/snakeyaml/1.25/snakeyaml-1.25.jar:/Users/James/.m2/repository/org/springframework/data/spring-data-mongodb/2.2.4.RELEASE/spring-data-mongodb-2.2.4.RELEASE.jar:/Users/James/.m2/repository/org/springframework/spring-tx/5.2.3.RELEASE/spring-tx-5.2.3.RELEASE.jar:/Users/James/.m2/repository/org/springframework/spring-context/5.2.3.RELEASE/spring-context-5.2.3.RELEASE.jar:/Users/James/.m2/repository/org/springframework/spring-beans/5.2.3.RELEASE/spring-beans-5.2.3.RELEASE.jar:/Users/James/.m2/repository/org/springframework/spring-expression/5.2.3.RELEASE/spring-expression-5.2.3.RELEASE.jar:/Users/James/.m2/repository/org/springframework/data/spring-data-commons/2.2.4.RELEASE/spring-data-commons-2.2.4.RELEASE.jar:/Users/James/.m2/repository/org/mongodb/mongodb-driver/3.11.2/mongodb-driver-3.11.2.jar:/Users/James/.m2/repository/org/mongodb/bson/3.11.2/bson-3.11.2.jar:/Users/James/.m2/repository/org/mongodb/mongodb-driver-core/3.11.2/mongodb-driver-core-3.11.2.jar:/Users/James/.m2/repository/org/mongodb/mongodb-driver-async/3.11.2/mongodb-driver-async-3.11.2.jar:/Users/James/.m2/repository/org/mongodb/mongodb-driver-reactivestreams/1.12.0/mongodb-driver-reactivestreams-1.12.0.jar:/Users/James/.m2/repository/org/reactivestreams/reactive-streams/1.0.3/reactive-streams-1.0.3.jar:/Users/James/.m2/repository/io/projectreactor/reactor-core/3.3.2.RELEASE/reactor-core-3.3.2.RELEASE.jar:/Users/James/.m2/repository/org/springframework/boot/spring-boot-starter-webflux/2.2.4.RELEASE/spring-boot-starter-webflux-2.2.4.RELEASE.jar:/Users/James/.m2/repository/org/springframework/boot/spring-boot-starter-json/2.2.4.RELEASE/spring-boot-starter-json-2.2.4.RELEASE.jar:/Users/James/.m2/repository/com/fasterxml/jackson/datatype/jackson-datatype-jdk8/2.10.2/jackson-datatype-jdk8-2.10.2.jar:/Users/James/.m2/repository/com/fasterxml/jackson/datatype/jackson-datatype-jsr310/2.10.2/jackson-datatype-jsr310-2.10.2.jar:/Users/James/.m2/repository/com/fasterxml/jackson/module/jackson-module-parameter-names/2.10.2/jackson-module-parameter-names-2.10.2.jar:/Users/James/.m2/repository/org/springframework/boot/spring-boot-starter-reactor-netty/2.2.4.RELEASE/spring-boot-starter-reactor-netty-2.2.4.RELEASE.jar:/Users/James/.m2/repository/io/projectreactor/netty/reactor-netty/0.9.4.RELEASE/reactor-netty-0.9.4.RELEASE.jar:/Users/James/.m2/repository/io/netty/netty-codec-http/4.1.45.Final/netty-codec-http-4.1.45.Final.jar:/Users/James/.m2/repository/io/netty/netty-common/4.1.45.Final/netty-common-4.1.45.Final.jar:/Users/James/.m2/repository/io/netty/netty-buffer/4.1.45.Final/netty-buffer-4.1.45.Final.jar:/Users/James/.m2/repository/io/netty/netty-transport/4.1.45.Final/netty-transport-4.1.45.Final.jar:/Users/James/.m2/repository/io/netty/netty-resolver/4.1.45.Final/netty-resolver-4.1.45.Final.jar:/Users/James/.m2/repository/io/netty/netty-codec/4.1.45.Final/netty-codec-4.1.45.Final.jar:/Users/James/.m2/repository/io/netty/netty-codec-http2/4.1.45.Final/netty-codec-http2-4.1.45.Final.jar:/Users/James/.m2/repository/io/netty/netty-handler/4.1.45.Final/netty-handler-4.1.45.Final.jar:/Users/James/.m2/repository/io/netty/netty-handler-proxy/4.1.45.Final/netty-handler-proxy-4.1.45.Final.jar:/Users/James/.m2/repository/io/netty/netty-codec-socks/4.1.45.Final/netty-codec-socks-4.1.45.Final.jar:/Users/James/.m2/repository/io/netty/netty-transport-native-epoll/4.1.45.Final/netty-transport-native-epoll-4.1.45.Final-linux-x86_64.jar:/Users/James/.m2/repository/io/netty/netty-transport-native-unix-common/4.1.45.Final/netty-transport-native-unix-common-4.1.45.Final.jar:/Users/James/.m2/repository/org/glassfish/jakarta.el/3.0.3/jakarta.el-3.0.3.jar:/Users/James/.m2/repository/org/springframework/boot/spring-boot-starter-validation/2.2.4.RELEASE/spring-boot-starter-validation-2.2.4.RELEASE.jar:/Users/James/.m2/repository/jakarta/validation/jakarta.validation-api/2.0.2/jakarta.validation-api-2.0.2.jar:/Users/James/.m2/repository/org/hibernate/validator/hibernate-validator/6.0.18.Final/hibernate-validator-6.0.18.Final.jar:/Users/James/.m2/repository/org/jboss/logging/jboss-logging/3.4.1.Final/jboss-logging-3.4.1.Final.jar:/Users/James/.m2/repository/com/fasterxml/classmate/1.5.1/classmate-1.5.1.jar:/Users/James/.m2/repository/org/springframework/spring-web/5.2.3.RELEASE/spring-web-5.2.3.RELEASE.jar:/Users/James/.m2/repository/org/springframework/spring-webflux/5.2.3.RELEASE/spring-webflux-5.2.3.RELEASE.jar:/Users/James/.m2/repository/org/synchronoss/cloud/nio-multipart-parser/1.1.0/nio-multipart-parser-1.1.0.jar:/Users/James/.m2/repository/org/synchronoss/cloud/nio-stream-storage/1.1.3/nio-stream-storage-1.1.3.jar:/Users/James/.m2/repository/com/fasterxml/jackson/module/jackson-module-kotlin/2.10.2/jackson-module-kotlin-2.10.2.jar:/Users/James/.m2/repository/com/fasterxml/jackson/core/jackson-databind/2.10.2/jackson-databind-2.10.2.jar:/Users/James/.m2/repository/com/fasterxml/jackson/core/jackson-annotations/2.10.2/jackson-annotations-2.10.2.jar:/Users/James/.m2/repository/org/jetbrains/kotlin/kotlin-reflect/1.3.61/kotlin-reflect-1.3.61.jar:/Users/James/.m2/repository/org/jetbrains/kotlin/kotlin-stdlib/1.3.61/kotlin-stdlib-1.3.61.jar:/Users/James/.m2/repository/org/jetbrains/kotlin/kotlin-stdlib-common/1.3.61/kotlin-stdlib-common-1.3.61.jar:/Users/James/.m2/repository/org/jetbrains/annotations/13.0/annotations-13.0.jar:/Users/James/.m2/repository/com/fasterxml/jackson/dataformat/jackson-dataformat-xml/2.10.2/jackson-dataformat-xml-2.10.2.jar:/Users/James/.m2/repository/com/fasterxml/jackson/core/jackson-core/2.10.2/jackson-core-2.10.2.jar:/Users/James/.m2/repository/com/fasterxml/jackson/module/jackson-module-jaxb-annotations/2.10.2/jackson-module-jaxb-annotations-2.10.2.jar:/Users/James/.m2/repository/jakarta/activation/jakarta.activation-api/1.2.1/jakarta.activation-api-1.2.1.jar:/Users/James/.m2/repository/org/codehaus/woodstox/stax2-api/4.2/stax2-api-4.2.jar:/Users/James/.m2/repository/com/fasterxml/woodstox/woodstox-core/6.0.3/woodstox-core-6.0.3.jar:/Users/James/.m2/repository/org/jetbrains/kotlin/kotlin-stdlib-jdk8/1.3.61/kotlin-stdlib-jdk8-1.3.61.jar:/Users/James/.m2/repository/org/jetbrains/kotlin/kotlin-stdlib-jdk7/1.3.61/kotlin-stdlib-jdk7-1.3.61.jar:/Users/James/.m2/repository/org/jetbrains/kotlinx/kotlinx-coroutines-reactor/1.3.3/kotlinx-coroutines-reactor-1.3.3.jar:/Users/James/.m2/repository/org/jetbrains/kotlinx/kotlinx-coroutines-core/1.3.3/kotlinx-coroutines-core-1.3.3.jar:/Users/James/.m2/repository/org/jetbrains/kotlinx/kotlinx-coroutines-reactive/1.3.3/kotlinx-coroutines-reactive-1.3.3.jar:/Users/James/.m2/repository/org/springframework/boot/spring-boot-devtools/2.2.4.RELEASE/spring-boot-devtools-2.2.4.RELEASE.jar:/Users/James/.m2/repository/org/springframework/boot/spring-boot/2.2.4.RELEASE/spring-boot-2.2.4.RELEASE.jar:/Users/James/.m2/repository/org/springframework/boot/spring-boot-autoconfigure/2.2.4.RELEASE/spring-boot-autoconfigure-2.2.4.RELEASE.jar:/Users/James/.m2/repository/org/projectlombok/lombok/1.18.10/lombok-1.18.10.jar:/Users/James/.m2/repository/org/springframework/boot/spring-boot-starter-test/2.2.4.RELEASE/spring-boot-starter-test-2.2.4.RELEASE.jar:/Users/James/.m2/repository/org/springframework/boot/spring-boot-test/2.2.4.RELEASE/spring-boot-test-2.2.4.RELEASE.jar:/Users/James/.m2/repository/org/springframework/boot/spring-boot-test-autoconfigure/2.2.4.RELEASE/spring-boot-test-autoconfigure-2.2.4.RELEASE.jar:/Users/James/.m2/repository/com/jayway/jsonpath/json-path/2.4.0/json-path-2.4.0.jar:/Users/James/.m2/repository/net/minidev/json-smart/2.3/json-smart-2.3.jar:/Users/James/.m2/repository/net/minidev/accessors-smart/1.2/accessors-smart-1.2.jar:/Users/James/.m2/repository/org/ow2/asm/asm/5.0.4/asm-5.0.4.jar:/Users/James/.m2/repository/jakarta/xml/bind/jakarta.xml.bind-api/2.3.2/jakarta.xml.bind-api-2.3.2.jar:/Users/James/.m2/repository/org/junit/jupiter/junit-jupiter/5.5.2/junit-jupiter-5.5.2.jar:/Users/James/.m2/repository/org/junit/jupiter/junit-jupiter-params/5.5.2/junit-jupiter-params-5.5.2.jar:/Users/James/.m2/repository/org/mockito/mockito-junit-jupiter/3.1.0/mockito-junit-jupiter-3.1.0.jar:/Users/James/.m2/repository/org/assertj/assertj-core/3.13.2/assertj-core-3.13.2.jar:/Users/James/.m2/repository/org/hamcrest/hamcrest/2.1/hamcrest-2.1.jar:/Users/James/.m2/repository/org/mockito/mockito-core/3.1.0/mockito-core-3.1.0.jar:/Users/James/.m2/repository/net/bytebuddy/byte-buddy/1.10.6/byte-buddy-1.10.6.jar:/Users/James/.m2/repository/net/bytebuddy/byte-buddy-agent/1.10.6/byte-buddy-agent-1.10.6.jar:/Users/James/.m2/repository/org/objenesis/objenesis/2.6/objenesis-2.6.jar:/Users/James/.m2/repository/org/skyscreamer/jsonassert/1.5.0/jsonassert-1.5.0.jar:/Users/James/.m2/repository/com/vaadin/external/google/android-json/0.0.20131108.vaadin1/android-json-0.0.20131108.vaadin1.jar:/Users/James/.m2/repository/org/springframework/spring-core/5.2.3.RELEASE/spring-core-5.2.3.RELEASE.jar:/Users/James/.m2/repository/org/springframework/spring-jcl/5.2.3.RELEASE/spring-jcl-5.2.3.RELEASE.jar:/Users/James/.m2/repository/org/springframework/spring-test/5.2.3.RELEASE/spring-test-5.2.3.RELEASE.jar:/Users/James/.m2/repository/org/xmlunit/xmlunit-core/2.6.3/xmlunit-core-2.6.3.jar:/Users/James/.m2/repository/io/projectreactor/reactor-test/3.3.2.RELEASE/reactor-test-3.3.2.RELEASE.jar:/Users/James/.m2/repository/au/com/dius/pact-jvm-provider-spring_2.11/3.5.24/pact-jvm-provider-spring_2.11-3.5.24.jar:/Users/James/.m2/repository/org/slf4j/slf4j-api/1.7.30/slf4j-api-1.7.30.jar:/Users/James/.m2/repository/org/codehaus/groovy/groovy-all/2.4.12/groovy-all-2.4.12-indy.jar:/Users/James/.m2/repository/io/github/microutils/kotlin-logging/1.4.4/kotlin-logging-1.4.4.jar:/Users/James/.m2/repository/org/scala-lang/scala-library/2.11.8/scala-library-2.11.8.jar:/Users/James/.m2/repository/com/typesafe/scala-logging/scala-logging_2.11/3.7.2/scala-logging_2.11-3.7.2.jar:/Users/James/.m2/repository/au/com/dius/pact-jvm-provider-junit_2.11/3.5.24/pact-jvm-provider-junit_2.11-3.5.24.jar:/Users/James/.m2/repository/au/com/dius/pact-jvm-provider_2.11/3.5.24/pact-jvm-provider_2.11-3.5.24.jar:/Users/James/.m2/repository/au/com/dius/pact-jvm-model/3.5.24/pact-jvm-model-3.5.24.jar:/Users/James/.m2/repository/com/github/zafarkhaja/java-semver/0.9.0/java-semver-0.9.0.jar:/Users/James/.m2/repository/com/amazonaws/aws-java-sdk-s3/1.11.30/aws-java-sdk-s3-1.11.30.jar:/Users/James/.m2/repository/com/amazonaws/aws-java-sdk-kms/1.11.30/aws-java-sdk-kms-1.11.30.jar:/Users/James/.m2/repository/com/amazonaws/aws-java-sdk-core/1.11.30/aws-java-sdk-core-1.11.30.jar:/Users/James/.m2/repository/com/fasterxml/jackson/dataformat/jackson-dataformat-cbor/2.10.2/jackson-dataformat-cbor-2.10.2.jar:/Users/James/.m2/repository/com/amazonaws/jmespath-java/1.0/jmespath-java-1.0.jar:/Users/James/.m2/repository/org/apache/commons/commons-collections4/4.1/commons-collections4-4.1.jar:/Users/James/.m2/repository/com/github/mifmif/generex/1.0.1/generex-1.0.1.jar:/Users/James/.m2/repository/dk/brics/automaton/automaton/1.11-8/automaton-1.11-8.jar:/Users/James/.m2/repository/au/com/dius/pact-jvm-pact-broker/3.5.24/pact-jvm-pact-broker-3.5.24.jar:/Users/James/.m2/repository/com/github/salomonbrys/kotson/kotson/2.5.0/kotson-2.5.0.jar:/Users/James/.m2/repository/com/google/code/gson/gson/2.8.6/gson-2.8.6.jar:/Users/James/.m2/repository/org/dmfs/rfc3986-uri/0.8/rfc3986-uri-0.8.jar:/Users/James/.m2/repository/org/dmfs/iterators/1.5/iterators-1.5.jar:/Users/James/.m2/repository/org/dmfs/optional/0.3/optional-0.3.jar:/Users/James/.m2/repository/au/com/dius/pact-jvm-matchers_2.11/3.5.24/pact-jvm-matchers_2.11-3.5.24.jar:/Users/James/.m2/repository/io/gatling/jsonpath_2.11/0.6.9/jsonpath_2.11-0.6.9.jar:/Users/James/.m2/repository/org/scala-lang/modules/scala-parser-combinators_2.11/1.0.5/scala-parser-combinators_2.11-1.0.5.jar:/Users/James/.m2/repository/com/googlecode/java-diff-utils/diffutils/1.3.0/diffutils-1.3.0.jar:/Users/James/.m2/repository/org/scala-lang/modules/scala-xml_2.11/1.0.6/scala-xml_2.11-1.0.6.jar:/Users/James/.m2/repository/commons-io/commons-io/2.5/commons-io-2.5.jar:/Users/James/.m2/repository/org/fusesource/jansi/jansi/1.16/jansi-1.16.jar:/Users/James/.m2/repository/org/reflections/reflections/0.9.10/reflections-0.9.10.jar:/Users/James/.m2/repository/org/javassist/javassist/3.19.0-GA/javassist-3.19.0-GA.jar:/Users/James/.m2/repository/com/google/code/findbugs/annotations/2.0.1/annotations-2.0.1.jar:/Users/James/.m2/repository/org/apache/httpcomponents/fluent-hc/4.5.10/fluent-hc-4.5.10.jar:/Users/James/.m2/repository/commons-logging/commons-logging/1.2/commons-logging-1.2.jar:/Users/James/.m2/repository/org/apache/httpcomponents/httpclient/4.5.10/httpclient-4.5.10.jar:/Users/James/.m2/repository/org/apache/httpcomponents/httpcore/4.4.13/httpcore-4.4.13.jar:/Users/James/.m2/repository/commons-codec/commons-codec/1.13/commons-codec-1.13.jar:/Users/James/.m2/repository/junit/junit/4.12/junit-4.12.jar:/Users/James/.m2/repository/org/hamcrest/hamcrest-core/2.1/hamcrest-core-2.1.jar:/Users/James/.m2/repository/org/apache/commons/commons-lang3/3.9/commons-lang3-3.9.jar:/Users/James/.m2/repository/org/jooq/jool/0.9.11/jool-0.9.11.jar:/Users/James/.m2/repository/com/github/rholder/guava-retrying/2.0.0/guava-retrying-2.0.0.jar:/Users/James/.m2/repository/com/google/guava/guava/29.0-jre/guava-29.0-jre.jar:/Users/James/.m2/repository/com/google/guava/failureaccess/1.0.1/failureaccess-1.0.1.jar:/Users/James/.m2/repository/com/google/guava/listenablefuture/9999.0-empty-to-avoid-conflict-with-guava/listenablefuture-9999.0-empty-to-avoid-conflict-with-guava.jar:/Users/James/.m2/repository/org/checkerframework/checker-qual/2.11.1/checker-qual-2.11.1.jar:/Users/James/.m2/repository/com/google/errorprone/error_prone_annotations/2.3.4/error_prone_annotations-2.3.4.jar:/Users/James/.m2/repository/com/google/j2objc/j2objc-annotations/1.3/j2objc-annotations-1.3.jar:/Users/James/.m2/repository/com/google/code/findbugs/jsr305/2.0.2/jsr305-2.0.2.jar:/Users/James/.m2/repository/javax/mail/mail/1.5.0-b01/mail-1.5.0-b01.jar:/Users/James/.m2/repository/javax/activation/activation/1.1/activation-1.1.jar:/Users/James/.m2/repository/org/springframework/spring-webmvc/5.2.3.RELEASE/spring-webmvc-5.2.3.RELEASE.jar:/Users/James/.m2/repository/org/springframework/spring-aop/5.2.3.RELEASE/spring-aop-5.2.3.RELEASE.jar:/Users/James/.m2/repository/javax/servlet/javax.servlet-api/4.0.1/javax.servlet-api-4.0.1.jar:/Users/James/.m2/repository/com/fasterxml/jackson/datatype/jackson-datatype-joda/2.10.2/jackson-datatype-joda-2.10.2.jar:/Users/James/.m2/repository/joda-time/joda-time/2.10.5/joda-time-2.10.5.jar:/Users/James/.m2/repository/org/junit/jupiter/junit-jupiter-engine/5.4.0/junit-jupiter-engine-5.4.0.jar:/Users/James/.m2/repository/org/apiguardian/apiguardian-api/1.0.0/apiguardian-api-1.0.0.jar:/Users/James/.m2/repository/org/junit/platform/junit-platform-engine/1.5.2/junit-platform-engine-1.5.2.jar:/Users/James/.m2/repository/org/opentest4j/opentest4j/1.2.0/opentest4j-1.2.0.jar:/Users/James/.m2/repository/org/junit/platform/junit-platform-commons/1.5.2/junit-platform-commons-1.5.2.jar:/Users/James/.m2/repository/org/junit/jupiter/junit-jupiter-api/5.5.2/junit-jupiter-api-5.5.2.jar:"/>
    <property name="java.vm.vendor" value="Oracle Corporation"/>
    <property name="sun.arch.data.model" value="64"/>
    <property name="java.vendor.url" value="https://java.oracle.com/"/>
    <property name="user.timezone" value="Europe/London"/>
    <property name="os.name" value="Mac OS X"/>
    <property name="java.vm.specification.version" value="13"/>
    <property name="sun.java.launcher" value="SUN_STANDARD"/>
    <property name="user.country" value="GB"/>
    <property name="sun.boot.library.path" value="/Library/Java/JavaVirtualMachines/jdk-13.0.2.jdk/Contents/Home/lib"/>
    <property name="sun.java.command" value="/Users/James/projects/fdm0506/stock-service-v2/target/surefire/surefirebooter226835663642896688.jar /Users/James/projects/fdm0506/stock-service-v2/target/surefire 2020-05-24T18-35-56_388-jvmRun1 surefire775892448990700415tmp surefire_017269345530632901020tmp"/>
    <property name="http.nonProxyHosts" value="local|*.local|169.254/16|*.169.254/16"/>
    <property name="jdk.debug" value="release"/>
    <property name="surefire.test.class.path" value="/Users/James/projects/fdm0506/stock-service-v2/target/test-classes:/Users/James/projects/fdm0506/stock-service-v2/target/classes:/Users/James/.m2/repository/org/springframework/boot/spring-boot-starter-data-mongodb-reactive/2.2.4.RELEASE/spring-boot-starter-data-mongodb-reactive-2.2.4.RELEASE.jar:/Users/James/.m2/repository/org/springframework/boot/spring-boot-starter/2.2.4.RELEASE/spring-boot-starter-2.2.4.RELEASE.jar:/Users/James/.m2/repository/org/springframework/boot/spring-boot-starter-logging/2.2.4.RELEASE/spring-boot-starter-logging-2.2.4.RELEASE.jar:/Users/James/.m2/repository/ch/qos/logback/logback-classic/1.2.3/logback-classic-1.2.3.jar:/Users/James/.m2/repository/ch/qos/logback/logback-core/1.2.3/logback-core-1.2.3.jar:/Users/James/.m2/repository/org/apache/logging/log4j/log4j-to-slf4j/2.12.1/log4j-to-slf4j-2.12.1.jar:/Users/James/.m2/repository/org/apache/logging/log4j/log4j-api/2.12.1/log4j-api-2.12.1.jar:/Users/James/.m2/repository/org/slf4j/jul-to-slf4j/1.7.30/jul-to-slf4j-1.7.30.jar:/Users/James/.m2/repository/jakarta/annotation/jakarta.annotation-api/1.3.5/jakarta.annotation-api-1.3.5.jar:/Users/James/.m2/repository/org/yaml/snakeyaml/1.25/snakeyaml-1.25.jar:/Users/James/.m2/repository/org/springframework/data/spring-data-mongodb/2.2.4.RELEASE/spring-data-mongodb-2.2.4.RELEASE.jar:/Users/James/.m2/repository/org/springframework/spring-tx/5.2.3.RELEASE/spring-tx-5.2.3.RELEASE.jar:/Users/James/.m2/repository/org/springframework/spring-context/5.2.3.RELEASE/spring-context-5.2.3.RELEASE.jar:/Users/James/.m2/repository/org/springframework/spring-beans/5.2.3.RELEASE/spring-beans-5.2.3.RELEASE.jar:/Users/James/.m2/repository/org/springframework/spring-expression/5.2.3.RELEASE/spring-expression-5.2.3.RELEASE.jar:/Users/James/.m2/repository/org/springframework/data/spring-data-commons/2.2.4.RELEASE/spring-data-commons-2.2.4.RELEASE.jar:/Users/James/.m2/repository/org/mongodb/mongodb-driver/3.11.2/mongodb-driver-3.11.2.jar:/Users/James/.m2/repository/org/mongodb/bson/3.11.2/bson-3.11.2.jar:/Users/James/.m2/repository/org/mongodb/mongodb-driver-core/3.11.2/mongodb-driver-core-3.11.2.jar:/Users/James/.m2/repository/org/mongodb/mongodb-driver-async/3.11.2/mongodb-driver-async-3.11.2.jar:/Users/James/.m2/repository/org/mongodb/mongodb-driver-reactivestreams/1.12.0/mongodb-driver-reactivestreams-1.12.0.jar:/Users/James/.m2/repository/org/reactivestreams/reactive-streams/1.0.3/reactive-streams-1.0.3.jar:/Users/James/.m2/repository/io/projectreactor/reactor-core/3.3.2.RELEASE/reactor-core-3.3.2.RELEASE.jar:/Users/James/.m2/repository/org/springframework/boot/spring-boot-starter-webflux/2.2.4.RELEASE/spring-boot-starter-webflux-2.2.4.RELEASE.jar:/Users/James/.m2/repository/org/springframework/boot/spring-boot-starter-json/2.2.4.RELEASE/spring-boot-starter-json-2.2.4.RELEASE.jar:/Users/James/.m2/repository/com/fasterxml/jackson/datatype/jackson-datatype-jdk8/2.10.2/jackson-datatype-jdk8-2.10.2.jar:/Users/James/.m2/repository/com/fasterxml/jackson/datatype/jackson-datatype-jsr310/2.10.2/jackson-datatype-jsr310-2.10.2.jar:/Users/James/.m2/repository/com/fasterxml/jackson/module/jackson-module-parameter-names/2.10.2/jackson-module-parameter-names-2.10.2.jar:/Users/James/.m2/repository/org/springframework/boot/spring-boot-starter-reactor-netty/2.2.4.RELEASE/spring-boot-starter-reactor-netty-2.2.4.RELEASE.jar:/Users/James/.m2/repository/io/projectreactor/netty/reactor-netty/0.9.4.RELEASE/reactor-netty-0.9.4.RELEASE.jar:/Users/James/.m2/repository/io/netty/netty-codec-http/4.1.45.Final/netty-codec-http-4.1.45.Final.jar:/Users/James/.m2/repository/io/netty/netty-common/4.1.45.Final/netty-common-4.1.45.Final.jar:/Users/James/.m2/repository/io/netty/netty-buffer/4.1.45.Final/netty-buffer-4.1.45.Final.jar:/Users/James/.m2/repository/io/netty/netty-transport/4.1.45.Final/netty-transport-4.1.45.Final.jar:/Users/James/.m2/repository/io/netty/netty-resolver/4.1.45.Final/netty-resolver-4.1.45.Final.jar:/Users/James/.m2/repository/io/netty/netty-codec/4.1.45.Final/netty-codec-4.1.45.Final.jar:/Users/James/.m2/repository/io/netty/netty-codec-http2/4.1.45.Final/netty-codec-http2-4.1.45.Final.jar:/Users/James/.m2/repository/io/netty/netty-handler/4.1.45.Final/netty-handler-4.1.45.Final.jar:/Users/James/.m2/repository/io/netty/netty-handler-proxy/4.1.45.Final/netty-handler-proxy-4.1.45.Final.jar:/Users/James/.m2/repository/io/netty/netty-codec-socks/4.1.45.Final/netty-codec-socks-4.1.45.Final.jar:/Users/James/.m2/repository/io/netty/netty-transport-native-epoll/4.1.45.Final/netty-transport-native-epoll-4.1.45.Final-linux-x86_64.jar:/Users/James/.m2/repository/io/netty/netty-transport-native-unix-common/4.1.45.Final/netty-transport-native-unix-common-4.1.45.Final.jar:/Users/James/.m2/repository/org/glassfish/jakarta.el/3.0.3/jakarta.el-3.0.3.jar:/Users/James/.m2/repository/org/springframework/boot/spring-boot-starter-validation/2.2.4.RELEASE/spring-boot-starter-validation-2.2.4.RELEASE.jar:/Users/James/.m2/repository/jakarta/validation/jakarta.validation-api/2.0.2/jakarta.validation-api-2.0.2.jar:/Users/James/.m2/repository/org/hibernate/validator/hibernate-validator/6.0.18.Final/hibernate-validator-6.0.18.Final.jar:/Users/James/.m2/repository/org/jboss/logging/jboss-logging/3.4.1.Final/jboss-logging-3.4.1.Final.jar:/Users/James/.m2/repository/com/fasterxml/classmate/1.5.1/classmate-1.5.1.jar:/Users/James/.m2/repository/org/springframework/spring-web/5.2.3.RELEASE/spring-web-5.2.3.RELEASE.jar:/Users/James/.m2/repository/org/springframework/spring-webflux/5.2.3.RELEASE/spring-webflux-5.2.3.RELEASE.jar:/Users/James/.m2/repository/org/synchronoss/cloud/nio-multipart-parser/1.1.0/nio-multipart-parser-1.1.0.jar:/Users/James/.m2/repository/org/synchronoss/cloud/nio-stream-storage/1.1.3/nio-stream-storage-1.1.3.jar:/Users/James/.m2/repository/com/fasterxml/jackson/module/jackson-module-kotlin/2.10.2/jackson-module-kotlin-2.10.2.jar:/Users/James/.m2/repository/com/fasterxml/jackson/core/jackson-databind/2.10.2/jackson-databind-2.10.2.jar:/Users/James/.m2/repository/com/fasterxml/jackson/core/jackson-annotations/2.10.2/jackson-annotations-2.10.2.jar:/Users/James/.m2/repository/org/jetbrains/kotlin/kotlin-reflect/1.3.61/kotlin-reflect-1.3.61.jar:/Users/James/.m2/repository/org/jetbrains/kotlin/kotlin-stdlib/1.3.61/kotlin-stdlib-1.3.61.jar:/Users/James/.m2/repository/org/jetbrains/kotlin/kotlin-stdlib-common/1.3.61/kotlin-stdlib-common-1.3.61.jar:/Users/James/.m2/repository/org/jetbrains/annotations/13.0/annotations-13.0.jar:/Users/James/.m2/repository/com/fasterxml/jackson/dataformat/jackson-dataformat-xml/2.10.2/jackson-dataformat-xml-2.10.2.jar:/Users/James/.m2/repository/com/fasterxml/jackson/core/jackson-core/2.10.2/jackson-core-2.10.2.jar:/Users/James/.m2/repository/com/fasterxml/jackson/module/jackson-module-jaxb-annotations/2.10.2/jackson-module-jaxb-annotations-2.10.2.jar:/Users/James/.m2/repository/jakarta/activation/jakarta.activation-api/1.2.1/jakarta.activation-api-1.2.1.jar:/Users/James/.m2/repository/org/codehaus/woodstox/stax2-api/4.2/stax2-api-4.2.jar:/Users/James/.m2/repository/com/fasterxml/woodstox/woodstox-core/6.0.3/woodstox-core-6.0.3.jar:/Users/James/.m2/repository/org/jetbrains/kotlin/kotlin-stdlib-jdk8/1.3.61/kotlin-stdlib-jdk8-1.3.61.jar:/Users/James/.m2/repository/org/jetbrains/kotlin/kotlin-stdlib-jdk7/1.3.61/kotlin-stdlib-jdk7-1.3.61.jar:/Users/James/.m2/repository/org/jetbrains/kotlinx/kotlinx-coroutines-reactor/1.3.3/kotlinx-coroutines-reactor-1.3.3.jar:/Users/James/.m2/repository/org/jetbrains/kotlinx/kotlinx-coroutines-core/1.3.3/kotlinx-coroutines-core-1.3.3.jar:/Users/James/.m2/repository/org/jetbrains/kotlinx/kotlinx-coroutines-reactive/1.3.3/kotlinx-coroutines-reactive-1.3.3.jar:/Users/James/.m2/repository/org/springframework/boot/spring-boot-devtools/2.2.4.RELEASE/spring-boot-devtools-2.2.4.RELEASE.jar:/Users/James/.m2/repository/org/springframework/boot/spring-boot/2.2.4.RELEASE/spring-boot-2.2.4.RELEASE.jar:/Users/James/.m2/repository/org/springframework/boot/spring-boot-autoconfigure/2.2.4.RELEASE/spring-boot-autoconfigure-2.2.4.RELEASE.jar:/Users/James/.m2/repository/org/projectlombok/lombok/1.18.10/lombok-1.18.10.jar:/Users/James/.m2/repository/org/springframework/boot/spring-boot-starter-test/2.2.4.RELEASE/spring-boot-starter-test-2.2.4.RELEASE.jar:/Users/James/.m2/repository/org/springframework/boot/spring-boot-test/2.2.4.RELEASE/spring-boot-test-2.2.4.RELEASE.jar:/Users/James/.m2/repository/org/springframework/boot/spring-boot-test-autoconfigure/2.2.4.RELEASE/spring-boot-test-autoconfigure-2.2.4.RELEASE.jar:/Users/James/.m2/repository/com/jayway/jsonpath/json-path/2.4.0/json-path-2.4.0.jar:/Users/James/.m2/repository/net/minidev/json-smart/2.3/json-smart-2.3.jar:/Users/James/.m2/repository/net/minidev/accessors-smart/1.2/accessors-smart-1.2.jar:/Users/James/.m2/repository/org/ow2/asm/asm/5.0.4/asm-5.0.4.jar:/Users/James/.m2/repository/jakarta/xml/bind/jakarta.xml.bind-api/2.3.2/jakarta.xml.bind-api-2.3.2.jar:/Users/James/.m2/repository/org/junit/jupiter/junit-jupiter/5.5.2/junit-jupiter-5.5.2.jar:/Users/James/.m2/repository/org/junit/jupiter/junit-jupiter-params/5.5.2/junit-jupiter-params-5.5.2.jar:/Users/James/.m2/repository/org/mockito/mockito-junit-jupiter/3.1.0/mockito-junit-jupiter-3.1.0.jar:/Users/James/.m2/repository/org/assertj/assertj-core/3.13.2/assertj-core-3.13.2.jar:/Users/James/.m2/repository/org/hamcrest/hamcrest/2.1/hamcrest-2.1.jar:/Users/James/.m2/repository/org/mockito/mockito-core/3.1.0/mockito-core-3.1.0.jar:/Users/James/.m2/repository/net/bytebuddy/byte-buddy/1.10.6/byte-buddy-1.10.6.jar:/Users/James/.m2/repository/net/bytebuddy/byte-buddy-agent/1.10.6/byte-buddy-agent-1.10.6.jar:/Users/James/.m2/repository/org/objenesis/objenesis/2.6/objenesis-2.6.jar:/Users/James/.m2/repository/org/skyscreamer/jsonassert/1.5.0/jsonassert-1.5.0.jar:/Users/James/.m2/repository/com/vaadin/external/google/android-json/0.0.20131108.vaadin1/android-json-0.0.20131108.vaadin1.jar:/Users/James/.m2/repository/org/springframework/spring-core/5.2.3.RELEASE/spring-core-5.2.3.RELEASE.jar:/Users/James/.m2/repository/org/springframework/spring-jcl/5.2.3.RELEASE/spring-jcl-5.2.3.RELEASE.jar:/Users/James/.m2/repository/org/springframework/spring-test/5.2.3.RELEASE/spring-test-5.2.3.RELEASE.jar:/Users/James/.m2/repository/org/xmlunit/xmlunit-core/2.6.3/xmlunit-core-2.6.3.jar:/Users/James/.m2/repository/io/projectreactor/reactor-test/3.3.2.RELEASE/reactor-test-3.3.2.RELEASE.jar:/Users/James/.m2/repository/au/com/dius/pact-jvm-provider-spring_2.11/3.5.24/pact-jvm-provider-spring_2.11-3.5.24.jar:/Users/James/.m2/repository/org/slf4j/slf4j-api/1.7.30/slf4j-api-1.7.30.jar:/Users/James/.m2/repository/org/codehaus/groovy/groovy-all/2.4.12/groovy-all-2.4.12-indy.jar:/Users/James/.m2/repository/io/github/microutils/kotlin-logging/1.4.4/kotlin-logging-1.4.4.jar:/Users/James/.m2/repository/org/scala-lang/scala-library/2.11.8/scala-library-2.11.8.jar:/Users/James/.m2/repository/com/typesafe/scala-logging/scala-logging_2.11/3.7.2/scala-logging_2.11-3.7.2.jar:/Users/James/.m2/repository/au/com/dius/pact-jvm-provider-junit_2.11/3.5.24/pact-jvm-provider-junit_2.11-3.5.24.jar:/Users/James/.m2/repository/au/com/dius/pact-jvm-provider_2.11/3.5.24/pact-jvm-provider_2.11-3.5.24.jar:/Users/James/.m2/repository/au/com/dius/pact-jvm-model/3.5.24/pact-jvm-model-3.5.24.jar:/Users/James/.m2/repository/com/github/zafarkhaja/java-semver/0.9.0/java-semver-0.9.0.jar:/Users/James/.m2/repository/com/amazonaws/aws-java-sdk-s3/1.11.30/aws-java-sdk-s3-1.11.30.jar:/Users/James/.m2/repository/com/amazonaws/aws-java-sdk-kms/1.11.30/aws-java-sdk-kms-1.11.30.jar:/Users/James/.m2/repository/com/amazonaws/aws-java-sdk-core/1.11.30/aws-java-sdk-core-1.11.30.jar:/Users/James/.m2/repository/com/fasterxml/jackson/dataformat/jackson-dataformat-cbor/2.10.2/jackson-dataformat-cbor-2.10.2.jar:/Users/James/.m2/repository/com/amazonaws/jmespath-java/1.0/jmespath-java-1.0.jar:/Users/James/.m2/repository/org/apache/commons/commons-collections4/4.1/commons-collections4-4.1.jar:/Users/James/.m2/repository/com/github/mifmif/generex/1.0.1/generex-1.0.1.jar:/Users/James/.m2/repository/dk/brics/automaton/automaton/1.11-8/automaton-1.11-8.jar:/Users/James/.m2/repository/au/com/dius/pact-jvm-pact-broker/3.5.24/pact-jvm-pact-broker-3.5.24.jar:/Users/James/.m2/repository/com/github/salomonbrys/kotson/kotson/2.5.0/kotson-2.5.0.jar:/Users/James/.m2/repository/com/google/code/gson/gson/2.8.6/gson-2.8.6.jar:/Users/James/.m2/repository/org/dmfs/rfc3986-uri/0.8/rfc3986-uri-0.8.jar:/Users/James/.m2/repository/org/dmfs/iterators/1.5/iterators-1.5.jar:/Users/James/.m2/repository/org/dmfs/optional/0.3/optional-0.3.jar:/Users/James/.m2/repository/au/com/dius/pact-jvm-matchers_2.11/3.5.24/pact-jvm-matchers_2.11-3.5.24.jar:/Users/James/.m2/repository/io/gatling/jsonpath_2.11/0.6.9/jsonpath_2.11-0.6.9.jar:/Users/James/.m2/repository/org/scala-lang/modules/scala-parser-combinators_2.11/1.0.5/scala-parser-combinators_2.11-1.0.5.jar:/Users/James/.m2/repository/com/googlecode/java-diff-utils/diffutils/1.3.0/diffutils-1.3.0.jar:/Users/James/.m2/repository/org/scala-lang/modules/scala-xml_2.11/1.0.6/scala-xml_2.11-1.0.6.jar:/Users/James/.m2/repository/commons-io/commons-io/2.5/commons-io-2.5.jar:/Users/James/.m2/repository/org/fusesource/jansi/jansi/1.16/jansi-1.16.jar:/Users/James/.m2/repository/org/reflections/reflections/0.9.10/reflections-0.9.10.jar:/Users/James/.m2/repository/org/javassist/javassist/3.19.0-GA/javassist-3.19.0-GA.jar:/Users/James/.m2/repository/com/google/code/findbugs/annotations/2.0.1/annotations-2.0.1.jar:/Users/James/.m2/repository/org/apache/httpcomponents/fluent-hc/4.5.10/fluent-hc-4.5.10.jar:/Users/James/.m2/repository/commons-logging/commons-logging/1.2/commons-logging-1.2.jar:/Users/James/.m2/repository/org/apache/httpcomponents/httpclient/4.5.10/httpclient-4.5.10.jar:/Users/James/.m2/repository/org/apache/httpcomponents/httpcore/4.4.13/httpcore-4.4.13.jar:/Users/James/.m2/repository/commons-codec/commons-codec/1.13/commons-codec-1.13.jar:/Users/James/.m2/repository/junit/junit/4.12/junit-4.12.jar:/Users/James/.m2/repository/org/hamcrest/hamcrest-core/2.1/hamcrest-core-2.1.jar:/Users/James/.m2/repository/org/apache/commons/commons-lang3/3.9/commons-lang3-3.9.jar:/Users/James/.m2/repository/org/jooq/jool/0.9.11/jool-0.9.11.jar:/Users/James/.m2/repository/com/github/rholder/guava-retrying/2.0.0/guava-retrying-2.0.0.jar:/Users/James/.m2/repository/com/google/guava/guava/29.0-jre/guava-29.0-jre.jar:/Users/James/.m2/repository/com/google/guava/failureaccess/1.0.1/failureaccess-1.0.1.jar:/Users/James/.m2/repository/com/google/guava/listenablefuture/9999.0-empty-to-avoid-conflict-with-guava/listenablefuture-9999.0-empty-to-avoid-conflict-with-guava.jar:/Users/James/.m2/repository/org/checkerframework/checker-qual/2.11.1/checker-qual-2.11.1.jar:/Users/James/.m2/repository/com/google/errorprone/error_prone_annotations/2.3.4/error_prone_annotations-2.3.4.jar:/Users/James/.m2/repository/com/google/j2objc/j2objc-annotations/1.3/j2objc-annotations-1.3.jar:/Users/James/.m2/repository/com/google/code/findbugs/jsr305/2.0.2/jsr305-2.0.2.jar:/Users/James/.m2/repository/javax/mail/mail/1.5.0-b01/mail-1.5.0-b01.jar:/Users/James/.m2/repository/javax/activation/activation/1.1/activation-1.1.jar:/Users/James/.m2/repository/org/springframework/spring-webmvc/5.2.3.RELEASE/spring-webmvc-5.2.3.RELEASE.jar:/Users/James/.m2/repository/org/springframework/spring-aop/5.2.3.RELEASE/spring-aop-5.2.3.RELEASE.jar:/Users/James/.m2/repository/javax/servlet/javax.servlet-api/4.0.1/javax.servlet-api-4.0.1.jar:/Users/James/.m2/repository/com/fasterxml/jackson/datatype/jackson-datatype-joda/2.10.2/jackson-datatype-joda-2.10.2.jar:/Users/James/.m2/repository/joda-time/joda-time/2.10.5/joda-time-2.10.5.jar:/Users/James/.m2/repository/org/junit/jupiter/junit-jupiter-engine/5.4.0/junit-jupiter-engine-5.4.0.jar:/Users/James/.m2/repository/org/apiguardian/apiguardian-api/1.0.0/apiguardian-api-1.0.0.jar:/Users/James/.m2/repository/org/junit/platform/junit-platform-engine/1.5.2/junit-platform-engine-1.5.2.jar:/Users/James/.m2/repository/org/opentest4j/opentest4j/1.2.0/opentest4j-1.2.0.jar:/Users/James/.m2/repository/org/junit/platform/junit-platform-commons/1.5.2/junit-platform-commons-1.5.2.jar:/Users/James/.m2/repository/org/junit/jupiter/junit-jupiter-api/5.5.2/junit-jupiter-api-5.5.2.jar:"/>
    <property name="sun.cpu.endian" value="little"/>
    <property name="user.home" value="/Users/James"/>
    <property name="user.language" value="en"/>
    <property name="java.specification.vendor" value="Oracle Corporation"/>
    <property name="java.version.date" value="2020-01-14"/>
    <property name="java.home" value="/Library/Java/JavaVirtualMachines/jdk-13.0.2.jdk/Contents/Home"/>
    <property name="file.separator" value="/"/>
    <property name="basedir" value="/Users/James/projects/fdm0506/stock-service-v2"/>
    <property name="java.vm.compressedOopsMode" value="Zero based"/>
    <property name="line.separator" value="&#10;"/>
    <property name="java.vm.specification.vendor" value="Oracle Corporation"/>
    <property name="java.specification.name" value="Java Platform API Specification"/>
    <property name="java.awt.headless" value="true"/>
    <property name="surefire.real.class.path" value="/Users/James/projects/fdm0506/stock-service-v2/target/surefire/surefirebooter226835663642896688.jar"/>
    <property name="sun.management.compiler" value="HotSpot 64-Bit Tiered Compilers"/>
    <property name="ftp.nonProxyHosts" value="local|*.local|169.254/16|*.169.254/16"/>
    <property name="java.runtime.version" value="13.0.2+8"/>
    <property name="user.name" value="user"/>
    <property name="path.separator" value=":"/>
    <property name="os.version" value="10.15.3"/>
    <property name="java.runtime.name" value="Java(TM) SE Runtime Environment"/>
    <property name="file.encoding" value="UTF-8"/>
    <property name="spring.beaninfo.ignore" value="true"/>
    <property name="sun.nio.ch.bugLevel" value=""/>
    <property name="java.vm.name" value="Java HotSpot(TM) 64-Bit Server VM"/>
    <property name="localRepository" value="/Users/James/.m2/repository"/>
    <property name="java.vendor.url.bug" value="https://bugreport.java.com/bugreport/"/>
    <property name="java.io.tmpdir" value="/var/folders/hq/ty3jh1r14950jwv09kflqfzc0000gn/T/"/>
    <property name="java.version" value="13.0.2"/>
    <property name="user.dir" value="/Users/James/projects/fdm0506/stock-service-v2"/>
    <property name="os.arch" value="x86_64"/>
    <property name="java.vm.specification.name" value="Java Virtual Machine Specification"/>
    <property name="PID" value="84268"/>
    <property name="java.library.path" value="/Users/James/Library/Java/Extensions:/Library/Java/Extensions:/Network/Library/Java/Extensions:/System/Library/Java/Extensions:/usr/lib/java:."/>
    <property name="java.vm.info" value="mixed mode, sharing"/>
    <property name="java.vendor" value="Oracle Corporation"/>
    <property name="java.vm.version" value="13.0.2+8"/>
    <property name="sun.io.unicode.encoding" value="UnicodeBig"/>
    <property name="socksNonProxyHosts" value="local|*.local|169.254/16|*.169.254/16"/>
    <property name="java.class.version" value="57.0"/>
  </properties>
  <testcase name="serviceInvokesRepository_mockReturnsFluxOfStocks" classname="com.stockify.stockservicev2.service.StockServiceTest" time="0.02"/>
</testsuite>